c:\project_newnew\tcp - 복사본\game\towergameserverasio\towergameserverasio\x64\release\towergameserverasio.pch
c:\project_newnew\tcp - 복사본\game\towergameserverasio\towergameserverasio\x64\release\vc141.pdb
c:\project_newnew\tcp - 복사본\game\towergameserverasio\towergameserverasio\x64\release\stdafx.obj
c:\project_newnew\tcp - 복사본\game\towergameserverasio\towergameserverasio\x64\release\towergameserverasio.obj
c:\project_newnew\tcp - 복사본\game\towergameserverasio\towergameserverasio\x64\release\redismanager.obj
c:\project_newnew\tcp - 복사본\game\towergameserverasio\x64\release\towergameserverasio.exe
c:\project_newnew\tcp - 복사본\game\towergameserverasio\x64\release\towergameserverasio.pdb
c:\project_newnew\tcp - 복사본\game\towergameserverasio\x64\release\towergameserverasio.ipdb
c:\project_newnew\tcp - 복사본\game\towergameserverasio\x64\release\towergameserverasio.iobj
c:\users\admin\desktop\tcp - 복사본\game\towergameserverasio\towergameserverasio\x64\release\redismanager.obj
c:\users\admin\desktop\tcp - 복사본\game\towergameserverasio\towergameserverasio\x64\release\stdafx.obj
c:\users\admin\desktop\tcp - 복사본\game\towergameserverasio\towergameserverasio\x64\release\towergameserverasio.obj
c:\users\admin\desktop\tcp - 복사본\game\towergameserverasio\towergameserverasio\x64\release\towergameserverasio.pch
c:\users\admin\desktop\tcp - 복사본\game\towergameserverasio\towergameserverasio\x64\release\vc141.pdb
c:\users\admin\desktop\tcp - 복사본\game\towergameserverasio\x64\release\towergameserverasio.pdb
c:\users\admin\desktop\tcp - 복사본\game\towergameserverasio\x64\release\towergameserverasio.exe
c:\users\admin\desktop\tcp - 복사본\game\towergameserverasio\towergameserverasio\x64\release\towergam.f447b89d.tlog\cl.command.1.tlog
c:\users\admin\desktop\tcp - 복사본\game\towergameserverasio\towergameserverasio\x64\release\towergam.f447b89d.tlog\cl.read.1.tlog
c:\users\admin\desktop\tcp - 복사본\game\towergameserverasio\towergameserverasio\x64\release\towergam.f447b89d.tlog\cl.write.1.tlog
c:\users\admin\desktop\tcp - 복사본\game\towergameserverasio\towergameserverasio\x64\release\towergam.f447b89d.tlog\link.command.1.tlog
c:\users\admin\desktop\tcp - 복사본\game\towergameserverasio\towergameserverasio\x64\release\towergam.f447b89d.tlog\link.read.1.tlog
c:\users\admin\desktop\tcp - 복사본\game\towergameserverasio\towergameserverasio\x64\release\towergam.f447b89d.tlog\link.write.1.tlog
c:\users\admin\desktop\tcp - 복사본\game\towergameserverasio\towergameserverasio\x64\release\towergam.f447b89d.tlog\towergameserverasio.write.1u.tlog
