c:\users\admin\desktop\tcp - 복사본\game\towergameclientasio\towergameclientasio\x64\release\towergameclientasio.pch
c:\users\admin\desktop\tcp - 복사본\game\towergameclientasio\towergameclientasio\x64\release\vc141.pdb
c:\users\admin\desktop\tcp - 복사본\game\towergameclientasio\towergameclientasio\x64\release\stdafx.obj
c:\users\admin\desktop\tcp - 복사본\game\towergameclientasio\towergameclientasio\x64\release\towergameclientasio.obj
c:\users\admin\desktop\tcp - 복사본\game\towergameclientasio\x64\release\towergameclientasio.exe
c:\users\admin\desktop\tcp - 복사본\game\towergameclientasio\x64\release\towergameclientasio.pdb
c:\users\admin\desktop\tcp - 복사본\game\towergameclientasio\x64\release\towergameclientasio.ipdb
c:\users\admin\desktop\tcp - 복사본\game\towergameclientasio\x64\release\towergameclientasio.iobj
c:\project\tcp\boostasio_redis\game\towergameclientasio\towergameclientasio\x64\release\stdafx.obj
c:\project\tcp\boostasio_redis\game\towergameclientasio\towergameclientasio\x64\release\towergameclientasio.obj
c:\project\tcp\boostasio_redis\game\towergameclientasio\towergameclientasio\x64\release\towergameclientasio.pch
c:\project\tcp\boostasio_redis\game\towergameclientasio\towergameclientasio\x64\release\vc141.pdb
c:\project\tcp\boostasio_redis\game\towergameclientasio\x64\release\towergameclientasio.pdb
c:\project\tcp\boostasio_redis\game\towergameclientasio\x64\release\towergameclientasio.exe
c:\project\tcp\boostasio_redis\game\towergameclientasio\towergameclientasio\x64\release\towergam.944a8bd0.tlog\cl.command.1.tlog
c:\project\tcp\boostasio_redis\game\towergameclientasio\towergameclientasio\x64\release\towergam.944a8bd0.tlog\cl.read.1.tlog
c:\project\tcp\boostasio_redis\game\towergameclientasio\towergameclientasio\x64\release\towergam.944a8bd0.tlog\cl.write.1.tlog
c:\project\tcp\boostasio_redis\game\towergameclientasio\towergameclientasio\x64\release\towergam.944a8bd0.tlog\link.command.1.tlog
c:\project\tcp\boostasio_redis\game\towergameclientasio\towergameclientasio\x64\release\towergam.944a8bd0.tlog\link.read.1.tlog
c:\project\tcp\boostasio_redis\game\towergameclientasio\towergameclientasio\x64\release\towergam.944a8bd0.tlog\link.write.1.tlog
c:\project\tcp\boostasio_redis\game\towergameclientasio\towergameclientasio\x64\release\towergam.944a8bd0.tlog\towergameclientasio.write.1u.tlog
